<?xml version="1.0" encoding="UTF-8"?>
<testng-results skipped="0" failed="1" ignored="0" total="4" passed="3">
  <reporter-output>
  </reporter-output>
  <suite name="Suite" duration-ms="160414" started-at="2022-05-08T03:52:23Z" finished-at="2022-05-08T03:55:04Z">
    <groups>
    </groups>
    <test name="homePage" duration-ms="43664" started-at="2022-05-08T03:52:23Z" finished-at="2022-05-08T03:53:07Z">
      <class name="academy.HomePage">
        <test-method status="PASS" signature="initilize()[pri:0, instance:academy.HomePage@411f53a0]" name="initilize" is-config="true" duration-ms="3452" started-at="2022-05-08T03:52:23Z" finished-at="2022-05-08T03:52:27Z">
          <reporter-output>
          </reporter-output>
        </test-method> <!-- initilize -->
        <test-method status="PASS" signature="basePageNavigatin(java.lang.String, java.lang.String)[pri:0, instance:academy.HomePage@411f53a0]" name="basePageNavigatin" duration-ms="22092" started-at="2022-05-08T03:52:27Z" data-provider="getData" finished-at="2022-05-08T03:52:49Z">
          <params>
            <param index="0">
              <value>
                <![CDATA[abc@gmail.com]]>
              </value>
            </param>
            <param index="1">
              <value>
                <![CDATA[12345]]>
              </value>
            </param>
          </params>
          <reporter-output>
          </reporter-output>
        </test-method> <!-- basePageNavigatin -->
        <test-method status="PASS" signature="basePageNavigatin(java.lang.String, java.lang.String)[pri:0, instance:academy.HomePage@411f53a0]" name="basePageNavigatin" duration-ms="18003" started-at="2022-05-08T03:52:49Z" data-provider="getData" finished-at="2022-05-08T03:53:07Z">
          <params>
            <param index="0">
              <value>
                <![CDATA[abcde@gmail.com]]>
              </value>
            </param>
            <param index="1">
              <value>
                <![CDATA[35354]]>
              </value>
            </param>
          </params>
          <reporter-output>
          </reporter-output>
        </test-method> <!-- basePageNavigatin -->
        <test-method status="PASS" signature="tear()[pri:0, instance:academy.HomePage@411f53a0]" name="tear" is-config="true" duration-ms="105" started-at="2022-05-08T03:53:07Z" finished-at="2022-05-08T03:53:07Z">
          <reporter-output>
          </reporter-output>
        </test-method> <!-- tear -->
      </class> <!-- academy.HomePage -->
    </test> <!-- homePage -->
    <test name="valodateTitle" duration-ms="97821" started-at="2022-05-08T03:53:07Z" finished-at="2022-05-08T03:54:45Z">
      <class name="academy.ValidateTitle">
        <test-method status="PASS" signature="initilize()[pri:0, instance:academy.ValidateTitle@3b69e7d1]" name="initilize" is-config="true" duration-ms="93174" started-at="2022-05-08T03:53:07Z" finished-at="2022-05-08T03:54:40Z">
          <reporter-output>
          </reporter-output>
        </test-method> <!-- initilize -->
        <test-method status="FAIL" signature="basePageNavigation()[pri:0, instance:academy.ValidateTitle@3b69e7d1]" name="basePageNavigation" duration-ms="69" started-at="2022-05-08T03:54:40Z" finished-at="2022-05-08T03:54:40Z">
          <exception class="java.lang.AssertionError">
            <message>
              <![CDATA[expected [FEATURED COURSES123] but found [FEATURED COURSES]]]>
            </message>
            <full-stacktrace>
              <![CDATA[java.lang.AssertionError: expected [FEATURED COURSES123] but found [FEATURED COURSES]
at org.testng.Assert.fail(Assert.java:96)
at org.testng.Assert.failNotEquals(Assert.java:776)
at org.testng.Assert.assertEqualsImpl(Assert.java:137)
at org.testng.Assert.assertEquals(Assert.java:118)
at org.testng.Assert.assertEquals(Assert.java:453)
at org.testng.Assert.assertEquals(Assert.java:463)
at academy.ValidateTitle.basePageNavigation(ValidateTitle.java:37)
at sun.reflect.NativeMethodAccessorImpl.invoke0(Native Method)
at sun.reflect.NativeMethodAccessorImpl.invoke(Unknown Source)
at sun.reflect.DelegatingMethodAccessorImpl.invoke(Unknown Source)
at java.lang.reflect.Method.invoke(Unknown Source)
at org.testng.internal.MethodInvocationHelper.invokeMethod(MethodInvocationHelper.java:124)
at org.testng.internal.Invoker.invokeMethod(Invoker.java:583)
at org.testng.internal.Invoker.invokeTestMethod(Invoker.java:719)
at org.testng.internal.Invoker.invokeTestMethods(Invoker.java:989)
at org.testng.internal.TestMethodWorker.invokeTestMethods(TestMethodWorker.java:125)
at org.testng.internal.TestMethodWorker.run(TestMethodWorker.java:109)
at org.testng.TestRunner.privateRun(TestRunner.java:648)
at org.testng.TestRunner.run(TestRunner.java:505)
at org.testng.SuiteRunner.runTest(SuiteRunner.java:455)
at org.testng.SuiteRunner.runSequentially(SuiteRunner.java:450)
at org.testng.SuiteRunner.privateRun(SuiteRunner.java:415)
at org.testng.SuiteRunner.run(SuiteRunner.java:364)
at org.testng.SuiteRunnerWorker.runSuite(SuiteRunnerWorker.java:52)
at org.testng.SuiteRunnerWorker.run(SuiteRunnerWorker.java:84)
at org.testng.TestNG.runSuitesSequentially(TestNG.java:1208)
at org.testng.TestNG.runSuitesLocally(TestNG.java:1137)
at org.testng.TestNG.runSuites(TestNG.java:1049)
at org.testng.TestNG.run(TestNG.java:1017)
at org.testng.remote.AbstractRemoteTestNG.run(AbstractRemoteTestNG.java:114)
at org.testng.remote.RemoteTestNG.initAndRun(RemoteTestNG.java:251)
at org.testng.remote.RemoteTestNG.main(RemoteTestNG.java:77)
]]>
            </full-stacktrace>
          </exception> <!-- java.lang.AssertionError -->
          <reporter-output>
          </reporter-output>
        </test-method> <!-- basePageNavigation -->
        <test-method status="PASS" signature="tear()[pri:0, instance:academy.ValidateTitle@3b69e7d1]" name="tear" is-config="true" duration-ms="4175" started-at="2022-05-08T03:54:41Z" finished-at="2022-05-08T03:54:45Z">
          <reporter-output>
          </reporter-output>
        </test-method> <!-- tear -->
      </class> <!-- academy.ValidateTitle -->
    </test> <!-- valodateTitle -->
    <test name="navigation bar" duration-ms="18876" started-at="2022-05-08T03:54:45Z" finished-at="2022-05-08T03:55:04Z">
      <class name="academy.NavigationBar">
        <test-method status="PASS" signature="initilize()[pri:0, instance:academy.NavigationBar@cc43f62]" name="initilize" is-config="true" duration-ms="18633" started-at="2022-05-08T03:54:45Z" finished-at="2022-05-08T03:55:03Z">
          <reporter-output>
          </reporter-output>
        </test-method> <!-- initilize -->
        <test-method status="PASS" signature="navigation()[pri:0, instance:academy.NavigationBar@cc43f62]" name="navigation" duration-ms="100" started-at="2022-05-08T03:55:03Z" finished-at="2022-05-08T03:55:03Z">
          <reporter-output>
          </reporter-output>
        </test-method> <!-- navigation -->
        <test-method status="PASS" signature="tear()[pri:0, instance:academy.NavigationBar@cc43f62]" name="tear" is-config="true" duration-ms="143" started-at="2022-05-08T03:55:03Z" finished-at="2022-05-08T03:55:04Z">
          <reporter-output>
          </reporter-output>
        </test-method> <!-- tear -->
      </class> <!-- academy.NavigationBar -->
    </test> <!-- navigation bar -->
  </suite> <!-- Suite -->
</testng-results>
